 
*** VICE Version 3.0 ***
OS compiled for: WIN64
GUI compiled for: NATIVE
CPU compiled for: X64
Compiler used: GCC-6.2.0
Current OS: Windows 10 Pro (64bit X64)
Current CPU: Intel Pentium Pro/II/III/Celeron/Core/Core 2/Atom
 
Welcome to x64, the free portable C64 Emulator.
 
Current VICE team members:
Andreas Matthies, Martin Pottendorfer, Marco van den Heuvel, Fabrizio Gennari, 
Groepaz, Marcus Sutton, Kajtar Zsolt, Stefan Haubenthal, BSzili, AreaScout, 
Bas Wassink.
 
This is free software with ABSOLUTELY NO WARRANTY.
See the "About VICE" command for more info.
 
Loading system file `C:\Users\clifford\dev\work\c64template\emulator\C64\kernal'.
Loading system file `C:\Users\clifford\dev\work\c64template\emulator\C64\basic'.
Loading system file `C:\Users\clifford\dev\work\c64template\emulator\C64\chargen'.
MPS-803: Error - Could not load MPS-803 charset 'mps803'.
Palette: Error - Palette not found: `mps803.vpl'.
MPS-803: Error - Cannot load palette file `mps803.vpl'.
NL10: Error - Could not load NL-10 ROM file 'nl10-cbm'.
Palette: Error - Palette not found: `1520.vpl'.
plot1520: Error - Cannot load palette file `1520.vpl'.
Loading system file `C:\Users\clifford\dev\work\c64template\emulator\DRIVES\dos1540'.
Loading system file `C:\Users\clifford\dev\work\c64template\emulator\DRIVES\dos1541'.
Loading system file `C:\Users\clifford\dev\work\c64template\emulator\DRIVES\d1541II'.
Loading system file `C:\Users\clifford\dev\work\c64template\emulator\DRIVES\dos1570'.
Loading system file `C:\Users\clifford\dev\work\c64template\emulator\DRIVES\dos1571'.
Loading system file `C:\Users\clifford\dev\work\c64template\emulator\DRIVES\dos1581'.
DriveROM: Error - 2000 ROM image not found. Hardware-level 2000 emulation is not available.
DriveROM: Error - 4000 ROM image not found. Hardware-level 4000 emulation is not available.
Loading system file `C:\Users\clifford\dev\work\c64template\emulator\DRIVES\dos2031'.
Loading system file `C:\Users\clifford\dev\work\c64template\emulator\DRIVES\dos2040'.
Loading system file `C:\Users\clifford\dev\work\c64template\emulator\DRIVES\dos3040'.
Loading system file `C:\Users\clifford\dev\work\c64template\emulator\DRIVES\dos4040'.
Loading system file `C:\Users\clifford\dev\work\c64template\emulator\DRIVES\dos1001'.
Drive: Finished loading ROM images.
video_dx9: Failed to prepare for rendering!
Sound: Available sound devices: dx wmm dummy fs dump wav voc iff aiff mp3 flac ogg soundmovie
Keyboard: Loading keymap `C:\Users\clifford\dev\work\c64template\emulator\C64\win_sym.vkm'.
AUTOSTART: Autodetecting image type of `build\c64-devkit.prg'.
Filesystem Image: Unknown disk image `build\c64-devkit.prg'.
Tape: Error - Cannot open file `build\c64-devkit.prg'
Error - CRT header invalid.
CART: 'build\c64-devkit.prg' is not a valid CRT file.
AUTOSTART: Loading PRG file `build\c64-devkit.prg' with autostart disk image.
AUTOSTART: Turning true drive emulation off.
AUTOSTART: Turning true drive emulation on.
AUTOSTART: Resetting the machine to autostart '*'
Drive 8: RESET.
Sound: Opened device `dx', speed 44100Hz, fragment size 2.9ms, buffer size 101ms
reSID: MOS8580, filter on, sampling rate 44100Hz - resampling, pass to 19845Hz
AUTOSTART: Turning Warp mode on
AUTOSTART: `build\c64-devkit.prg' recognized as program/p00 file.
Main CPU: starting at ($FFFC).
Main CPU: RESET.
Drive 8: RESET.
AUTOSTART: Loading program '*'
AUTOSTART: Searching for ...
AUTOSTART: Loading
AUTOSTART: Entered ROM at $eea9
AUTOSTART: Ready
AUTOSTART: Turning Warp mode off
AUTOSTART: Starting program.
AUTOSTART: Done.

Exiting...
Sound: Closing device `dx'
